<?xml version="1.0" encoding="UTF-8"?>
<testsuite name="MoodAnalyserTest" tests="2" skipped="0" failures="0" errors="0" timestamp="2020-01-09T08:04:45" hostname="DESKTOP-DFRJ86B" time="0.003">
  <properties/>
  <testcase name="testHappyMoods" classname="MoodAnalyserTest" time="0.003"/>
  <testcase name="testMoodAnalysis" classname="MoodAnalyserTest" time="0.0"/>
  <system-out><![CDATA[]]></system-out>
  <system-err><![CDATA[]]></system-err>
</testsuite>
